error: Mar-10-2022 15:27:55: 	undefined
error: Mar-10-2022 15:27:55: 	
error: Mar-10-2022 15:27:55: 	
error: Mar-10-2022 15:27:55: 	در سرور خطایی رخ داده است . لطفا مجدد تلاش کنید
info: Mar-10-2022 16:04:52: 	Connect to Redis
info: Mar-10-2022 16:04:53: 	Connecto To Databse
info: Mar-10-2022 16:10:25: 	Connect to Redis
info: Mar-10-2022 16:10:26: 	Connecto To Databse
info: Mar-10-2022 16:11:39: 	Connect to Redis
info: Mar-10-2022 16:11:39: 	Connecto To Databse
info: Mar-10-2022 16:16:37: 	Connect to Redis
info: Mar-10-2022 16:16:37: 	Connecto To Databse
info: Mar-10-2022 16:20:08: 	Connect to Redis
info: Mar-10-2022 16:20:08: 	Connecto To Databse
info: Mar-10-2022 16:20:14: 	Connect to Redis
info: Mar-10-2022 16:20:15: 	Connecto To Databse
info: Mar-10-2022 16:21:01: 	Connect to Redis
info: Mar-10-2022 16:21:02: 	Connecto To Databse
info: Mar-10-2022 16:23:46: 	Connect to Redis
info: Mar-10-2022 16:23:47: 	Connecto To Databse
info: Mar-10-2022 16:23:53: 	Connect to Redis
info: Mar-10-2022 16:23:54: 	Connecto To Databse
